vk-sdk-core/build/outputs/logs/manifest-merger-debug-report.txt
-- Merging decision tree log ---
manifest
ADDED from src\main\AndroidManifest.xml:25:1-43:12
INJECTED from src\main\AndroidManifest.xml:25:1-43:12
INJECTED from src\main\AndroidManifest.xml:25:1-43:12
INJECTED from src\main\AndroidManifest.xml:25:1-43:12
INJECTED from src\main\AndroidManifest.xml:25:1-43:12
INJECTED from src\main\AndroidManifest.xml:25:1-43:12
INJECTED from src\main\AndroidManifest.xml:25:1-43:12
	package
		ADDED from src\main\AndroidManifest.xml:26:5-29
		INJECTED from src\main\AndroidManifest.xml
		INJECTED from src\main\AndroidManifest.xml
	android:versionName
		INJECTED from src\main\AndroidManifest.xml
		ADDED from src\main\AndroidManifest.xml:25:1-43:12
		INJECTED from src\main\AndroidManifest.xml
	android:versionCode
		INJECTED from src\main\AndroidManifest.xml
		ADDED from src\main\AndroidManifest.xml:25:1-43:12
		INJECTED from src\main\AndroidManifest.xml
	xmlns:android
		ADDED from src\main\AndroidManifest.xml:25:11-69
uses-permission#android.permission.ACCESS_NETWORK_STATE
ADDED from src\main\AndroidManifest.xml:27:5-79
	android:name
		ADDED from src\main\AndroidManifest.xml:27:22-76
uses-permission#android.permission.INTERNET
ADDED from src\main\AndroidManifest.xml:28:5-67
	android:name
		ADDED from src\main\AndroidManifest.xml:28:22-64
application
ADDED from src\main\AndroidManifest.xml:30:5-41:19
activity#com.vk.api.sdk.ui.VKWebViewAuthActivity
ADDED from src\main\AndroidManifest.xml:31:9-32:53
	android:theme
		ADDED from src\main\AndroidManifest.xml:32:13-50
	android:name
		ADDED from src\main\AndroidManifest.xml:31:19-59
activity#com.vk.api.sdk.ui.VKCaptchaActivity
ADDED from src\main\AndroidManifest.xml:33:9-34:75
	android:theme
		ADDED from src\main\AndroidManifest.xml:34:13-72
	android:name
		ADDED from src\main\AndroidManifest.xml:33:19-55
activity#com.vk.api.sdk.ui.VKConfirmationActivity
ADDED from src\main\AndroidManifest.xml:35:9-36:75
	android:theme
		ADDED from src\main\AndroidManifest.xml:36:13-72
	android:name
		ADDED from src\main\AndroidManifest.xml:35:19-60
provider#com.vk.api.sdk.internal.VKInitProvider
ADDED from src\main\AndroidManifest.xml:37:9-40:40
	android:authorities
		ADDED from src\main\AndroidManifest.xml:38:13-66
	android:exported
		ADDED from src\main\AndroidManifest.xml:40:13-37
	android:name
		ADDED from src\main\AndroidManifest.xml:39:13-66
uses-sdk
INJECTED from src\main\AndroidManifest.xml reason: use-sdk injection requested
INJECTED from src\main\AndroidManifest.xml
INJECTED from src\main\AndroidManifest.xml
INJECTED from src\main\AndroidManifest.xml
INJECTED from src\main\AndroidManifest.xml
	android:targetSdkVersion
		INJECTED from src\main\AndroidManifest.xml
		ADDED from src\main\AndroidManifest.xml
		INJECTED from src\main\AndroidManifest.xml
	android:minSdkVersion
		INJECTED from src\main\AndroidManifest.xml
		ADDED from src\main\AndroidManifest.xml
		INJECTED from src\main\AndroidManifest.xml